[Monday Sep 21 0:47:27 2015] -=-=-=-=-=-=-=-=-=-=-=-=-=-=-=-=-=-=-=-=-=-=-=-=-=-=-=-=-=-=-=-=-=-=-=-
[Monday Sep 21 0:47:27 2015]          STAR WARS: The Old Republic v1.00.0.2 installer ran
[Monday Sep 21 0:47:27 2015] -=-=-=-=-=-=-=-=-=-=-=-=-=-=-=-=-=-=-=-=-=-=-=-=-=-=-=-=-=-=-=-=-=-=-=-
[Monday Sep 21 0:47:27 2015] CallParameters=[/src="C:\Users\Whalecum\AppData\Local\Temp\InstallSWTOR"]
[Monday Sep 21 0:47:27 2015] all mutex checks cleared
[Monday Sep 21 0:47:27 2015] GetOptions [/src="C:\Users\Whalecum\AppData\Local\Temp\InstallSWTOR"] "/src=" = [C:\Users\Whalecum\AppData\Local\Temp\InstallSWTOR]
[Monday Sep 21 0:47:27 2015] SourceDirectory set to [C:\Users\Whalecum\AppData\Local\Temp\InstallSWTOR]
[Monday Sep 21 0:47:27 2015] Using TEMP directory C:\Users\Whalecum\AppData\Local\Temp\InstallSWTOR
[Monday Sep 21 0:47:27 2015] Source directory=C:\Users\Whalecum\AppData\Local\Temp\InstallSWTOR
[Monday Sep 21 0:47:28 2015] Command-line language=
[Monday Sep 21 0:47:28 2015] System Default Language ID=2057
[Monday Sep 21 0:47:28 2015] Language [2057] is not supported in this installer - setting English
[Monday Sep 21 0:47:28 2015] Supported OS Language=en
[Monday Sep 21 0:47:28 2015] ProgramLocation from registry [SOFTWARE\BioWare\Star Wars-The Old Republic] [Install Dir]=[]
[Monday Sep 21 0:47:29 2015] If Empty() then Peeking into C:\Users\Whalecum\AppData\Local\Temp\InstallSWTOR\data\installmanifest_ru.ini
[Monday Sep 21 0:47:29 2015] Found: 'installmanifest_de.ini', adding to lang select
[Monday Sep 21 0:47:29 2015] Found: 'installmanifest_fr.ini', adding to lang select
[Monday Sep 21 0:47:29 2015] Found: 'installmanifest_en.ini', adding to lang select
[Monday Sep 21 0:47:29 2015]  no command-line language set
[Monday Sep 21 0:47:29 2015] LANGUAGE_SELECT_RANDOMIZE=0
[Monday Sep 21 0:47:29 2015] nsisBWLangSelect::LangSelect R1=0 R2=0 R3=0
[Monday Sep 21 0:47:31 2015] nsisBWLangSelect::LangSelect returned 1033
[Monday Sep 21 0:47:31 2015] User admin status: Admin
[Monday Sep 21 0:47:31 2015] SetupInstallManifest
[Monday Sep 21 0:47:31 2015] Setting InstallManifestFile to C:\Users\Whalecum\AppData\Local\Temp\nsrEE68.tmp\installmanifest.ini
[Monday Sep 21 0:47:31 2015] Game Build: 21544
[Monday Sep 21 0:47:31 2015] SKU: SWTOR
[Monday Sep 21 0:47:31 2015] GetInstalledFileSize
[Monday Sep 21 0:47:31 2015] GetInstalledFileSize - NumberOfFiles=2
[Monday Sep 21 0:47:31 2015] GetInstalledFileSize - File#1; file size in Kb=18032
[Monday Sep 21 0:47:31 2015] GetInstalledFileSize - File#2; file size in Kb=0
[Monday Sep 21 0:47:31 2015] GetInstalledFileSize - InstallSize=18032; InstallSizeFudged=26258032
[Monday Sep 21 0:47:31 2015] Detected OS: 7 Service Pack 1
[Monday Sep 21 0:47:31 2015] OS response = 0
[Monday Sep 21 0:47:31 2015] DirectX Version: core=11 - enum=35 - DirectX August 2007
[Monday Sep 21 0:47:31 2015] PageFunction_Welcome_Pre
[Monday Sep 21 0:47:31 2015] Welcome page show
[Monday Sep 21 0:47:32 2015] License page show
[Monday Sep 21 0:47:32 2015] License page really show
[Monday Sep 21 0:47:34 2015] PageFunction_Welcome_Pre
[Monday Sep 21 0:47:34 2015] Welcome page show
[Monday Sep 21 0:47:35 2015] License page show
[Monday Sep 21 0:47:35 2015] License page really show
[Monday Sep 21 0:47:37 2015] +PageFunction_ExpressCustom start (page 3)
[Monday Sep 21 0:47:37 2015]  ProgramLocation null; setting to C:\Program Files (x86)\Electronic Arts\BioWare\Star Wars - The Old Republic
[Monday Sep 21 0:47:37 2015]  StartMenuLocationFullPath is null, setting Start Menu Express values
[Monday Sep 21 0:47:37 2015] +SetStartMenuExpressValues start
[Monday Sep 21 0:47:37 2015]  PRODUCT_STARTMENU=EA\BioWare\Star Wars - The Old Republic
[Monday Sep 21 0:47:37 2015]  sanitized PRODUCT_STARTMENU=EA\BioWare\Star Wars - The Old Republic
[Monday Sep 21 0:47:37 2015]  StartMenuOption=5 - start menu entries in all OSes
[Monday Sep 21 0:47:37 2015] -SetStartMenuExpressValues end
[Monday Sep 21 0:47:37 2015] +SetShortcutsExpressValues start
[Monday Sep 21 0:47:37 2015] -SetShortcutsExpressValues end
[Monday Sep 21 0:47:37 2015]  ConvertKBtoGB 26258032 KB=25.0 GB
[Monday Sep 21 0:47:37 2015]  GetFreeDriveSpaceInGB=158.4
[Monday Sep 21 0:47:37 2015]  free space in KB=166101848 - InstallSizeFudged=26258032
[Monday Sep 21 0:47:37 2015]  StartMenuLocation=EA\BioWare\Star Wars - The Old Republic; first char=E
[Monday Sep 21 0:47:37 2015]  nsDialogs::Show
[Monday Sep 21 0:47:42 2015] +PageFunction_ExpressCustom_RadioButtonClick start
[Monday Sep 21 0:47:42 2015]  RadioButton_ExpressInstall state = 0
[Monday Sep 21 0:47:42 2015]  RadioButton_ExpressInstall Custom selected
[Monday Sep 21 0:47:42 2015] -PageFunction_ExpressCustom_RadioButtonClick end
[Monday Sep 21 0:47:43 2015] +PageFunction_ExpressCustom_RadioButtonClick start
[Monday Sep 21 0:47:43 2015]  RadioButton_ExpressInstall state = 1
[Monday Sep 21 0:47:43 2015]  RadioButton_ExpressInstall Express selected
[Monday Sep 21 0:47:43 2015]  RadioButton_ExpressInstall state = 1
[Monday Sep 21 0:47:43 2015] +SetStartMenuExpressValues start
[Monday Sep 21 0:47:43 2015]  PRODUCT_STARTMENU=EA\BioWare\Star Wars - The Old Republic
[Monday Sep 21 0:47:43 2015]  sanitized PRODUCT_STARTMENU=EA\BioWare\Star Wars - The Old Republic
[Monday Sep 21 0:47:43 2015]  StartMenuOption=5 - start menu entries in all OSes
[Monday Sep 21 0:47:43 2015] -SetStartMenuExpressValues end
[Monday Sep 21 0:47:43 2015] +SetShortcutsExpressValues start
[Monday Sep 21 0:47:43 2015] -SetShortcutsExpressValues end
[Monday Sep 21 0:47:43 2015]  ConvertKBtoGB 26258032 KB=25.0 GB
[Monday Sep 21 0:47:43 2015]  GetFreeDriveSpaceInGB=158.4
[Monday Sep 21 0:47:43 2015]  free space in KB=166101848 - InstallSizeFudged=26258032
[Monday Sep 21 0:47:43 2015]  StartMenuLocation=EA\BioWare\Star Wars - The Old Republic; first char=E
[Monday Sep 21 0:47:43 2015] -PageFunction_ExpressCustom_RadioButtonClick end
[Monday Sep 21 0:47:52 2015] -PageFunction_ExpressCustom end
[Monday Sep 21 0:47:52 2015] License page show
[Monday Sep 21 0:47:52 2015] License page really show
[Monday Sep 21 0:47:53 2015] PageFunction_Welcome_Pre
[Monday Sep 21 0:47:53 2015] Welcome page show
[Monday Sep 21 0:47:56 2015] License page show
[Monday Sep 21 0:47:56 2015] License page really show
[Monday Sep 21 0:47:58 2015] +PageFunction_ExpressCustom start (page 3)
[Monday Sep 21 0:47:58 2015]  ConvertKBtoGB 26258032 KB=25.0 GB
[Monday Sep 21 0:47:58 2015]  GetFreeDriveSpaceInGB=158.4
[Monday Sep 21 0:47:58 2015]  free space in KB=166101848 - InstallSizeFudged=26258032
[Monday Sep 21 0:47:58 2015]  StartMenuLocation=EA\BioWare\Star Wars - The Old Republic; first char=E
[Monday Sep 21 0:47:58 2015]  nsDialogs::Show
[Monday Sep 21 0:48:16 2015] -PageFunction_ExpressCustom end
[Monday Sep 21 0:48:16 2015] License page show
[Monday Sep 21 0:48:16 2015] License page really show
[Monday Sep 21 0:48:17 2015] PageFunction_Welcome_Pre
[Monday Sep 21 0:48:17 2015] Welcome page show
[Monday Sep 21 0:48:18 2015] License page show
[Monday Sep 21 0:48:18 2015] License page really show
[Monday Sep 21 0:48:19 2015] +PageFunction_ExpressCustom start (page 3)
[Monday Sep 21 0:48:19 2015]  ConvertKBtoGB 26258032 KB=25.0 GB
[Monday Sep 21 0:48:19 2015]  GetFreeDriveSpaceInGB=158.4
[Monday Sep 21 0:48:20 2015]  free space in KB=166101784 - InstallSizeFudged=26258032
[Monday Sep 21 0:48:20 2015]  StartMenuLocation=EA\BioWare\Star Wars - The Old Republic; first char=E
[Monday Sep 21 0:48:20 2015]  nsDialogs::Show
[Monday Sep 21 0:48:20 2015] +PageFunction_ExpressCustom_RadioButtonClick start
[Monday Sep 21 0:48:20 2015]  RadioButton_ExpressInstall state = 0
[Monday Sep 21 0:48:20 2015]  RadioButton_ExpressInstall Custom selected
[Monday Sep 21 0:48:20 2015] -PageFunction_ExpressCustom_RadioButtonClick end
[Monday Sep 21 0:48:22 2015] +PageFunction_ExpressCustom_Leave start
[Monday Sep 21 0:48:22 2015] -PageFunction_ExpressCustom_Leave end
[Monday Sep 21 0:48:22 2015] -PageFunction_ExpressCustom end
[Monday Sep 21 0:48:22 2015] PageFunction_BWDirSelect
[Monday Sep 21 0:48:22 2015]  DirSelect display
[Monday Sep 21 0:49:20 2015] Checking for D:\Star Wars-The Old Republic\\winpatcher.exe
[Monday Sep 21 0:49:20 2015] Directory select returned path: D:\Star Wars-The Old Republic\
[Monday Sep 21 0:49:20 2015] +PageFunction_ExpressCustom start (page 3)
[Monday Sep 21 0:49:20 2015]  ConvertKBtoGB 26258032 KB=25.0 GB
[Monday Sep 21 0:49:20 2015]  GetFreeDriveSpaceInGB=391.5
[Monday Sep 21 0:49:20 2015]  free space in KB=410509924 - InstallSizeFudged=26258032
[Monday Sep 21 0:49:20 2015]  StartMenuLocation=EA\BioWare\Star Wars - The Old Republic; first char=E
[Monday Sep 21 0:49:20 2015]  nsDialogs::Show
[Monday Sep 21 0:49:21 2015] +PageFunction_ExpressCustom_Leave start
[Monday Sep 21 0:49:21 2015] -PageFunction_ExpressCustom_Leave end
[Monday Sep 21 0:49:21 2015] -PageFunction_ExpressCustom end
[Monday Sep 21 0:49:21 2015] PageFunction_BWDirSelect
[Monday Sep 21 0:49:21 2015]  DirSelect display
[Monday Sep 21 0:49:25 2015] +PageFunction_BWDirSelect_Leave start
[Monday Sep 21 0:49:25 2015] -PageFunction_BWDirSelect_Leave end
[Monday Sep 21 0:49:25 2015] Checking for D:\NIGGERS\Star Wars-The Old Republic\\winpatcher.exe
[Monday Sep 21 0:49:25 2015] Directory select returned path: D:\NIGGERS\Star Wars-The Old Republic\
[Monday Sep 21 0:49:25 2015] PageFunction_StartMenu_Pre (page 5)
[Monday Sep 21 0:49:25 2015]  StartMenuLocation=EA\BioWare\Star Wars - The Old Republic
[Monday Sep 21 0:49:25 2015]  StartMenuLocation2=EA\BioWare\Star Wars - The Old Republic
[Monday Sep 21 0:49:30 2015] +PageFunction_StartMenu_Leave start
[Monday Sep 21 0:49:30 2015]  StartMenuLocation retrieved from Start Menu select page=EA\BioWare\Star Wars - The Old Republic
[Monday Sep 21 0:49:30 2015]  len(EA\BioWare\Star Wars - The Old Republic)=39 ; len(C:\ProgramData\Microsoft\Windows\Start Menu\Programs)=52 ; StartMenuMaxLength=20
[Monday Sep 21 0:49:30 2015]  Start Menu max path len=111
[Monday Sep 21 0:49:30 2015] -PageFunction_StartMenu_Leave end
[Monday Sep 21 0:49:30 2015] +PageFunction_Shortcuts start
[Monday Sep 21 0:49:30 2015] PageFunction_Shortcuts nsDialogs::Show
[Monday Sep 21 0:49:33 2015] +PageFunction_Shortcuts_Leave start
[Monday Sep 21 0:49:33 2015]  CreateDesktopShortcut=false
[Monday Sep 21 0:49:33 2015]  CreateQuickLaunchShortcut=true
[Monday Sep 21 0:49:33 2015] -PageFunction_Shortcuts_Leave end
[Monday Sep 21 0:49:33 2015] -PageFunction_Shortcuts end
[Monday Sep 21 0:49:33 2015] Origin page show
[Monday Sep 21 0:49:33 2015] PageFunction_ORIGIN_Leave
[Monday Sep 21 0:49:33 2015] PageFunction_InstFilesPre
[Monday Sep 21 0:49:33 2015] Main install section
[Monday Sep 21 0:49:33 2015] Extract Saferun & DLL (64 bit)
[Monday Sep 21 0:49:33 2015] ProcessInstallManifest
[Monday Sep 21 0:49:33 2015]  - Name=Star Wars The Old Republic
[Monday Sep 21 0:49:33 2015]  - Size=18465507
[Monday Sep 21 0:49:33 2015]  - URL=swtor.rar
[Monday Sep 21 0:49:33 2015]  - Disk=1
[Monday Sep 21 0:49:33 2015] Processing File 1 (Star Wars The Old Republic)
[Monday Sep 21 0:49:33 2015] Looking for C:\Users\Whalecum\AppData\Local\Temp\InstallSWTOR\swtor.rar
[Monday Sep 21 0:49:33 2015] GetNextFile "swtor.rar" "C:\Users\Whalecum\AppData\Local\Temp\InstallSWTOR\"
[Monday Sep 21 0:49:33 2015] GetNextFile - FileNameDest=C:\Users\Whalecum\AppData\Local\Temp\InstallSWTOR\
[Monday Sep 21 0:49:33 2015] SourceDirectory set to C:\Users\Whalecum\AppData\Local\Temp\InstallSWTOR
[Monday Sep 21 0:49:33 2015] Found at C:\Users\Whalecum\AppData\Local\Temp\InstallSWTOR\swtor.rar
[Monday Sep 21 0:49:33 2015] Extracting C:\Users\Whalecum\AppData\Local\Temp\InstallSWTOR\swtor.rar to D:\NIGGERS\Star Wars-The Old Republic...
[Monday Sep 21 0:49:33 2015] Extracting: /Language en /progresspercent 10000 /settotalK 18032 'C:\Users\Whalecum\AppData\Local\Temp\InstallSWTOR\swtor.rar' 'D:\NIGGERS\Star Wars-The Old Republic'
[Monday Sep 21 0:49:39 2015]  - extract OK
[Monday Sep 21 0:49:39 2015]  - Name=Star Wars The Old Republic
[Monday Sep 21 0:49:39 2015]  - Size=804
[Monday Sep 21 0:49:39 2015]  - URL=swtor0.rar
[Monday Sep 21 0:49:39 2015]  - Disk=1
[Monday Sep 21 0:49:39 2015] Processing File 2 (Star Wars The Old Republic)
[Monday Sep 21 0:49:39 2015] Looking for C:\Users\Whalecum\AppData\Local\Temp\InstallSWTOR\swtor0.rar
[Monday Sep 21 0:49:39 2015] GetNextFile "swtor0.rar" "C:\Users\Whalecum\AppData\Local\Temp\InstallSWTOR\"
[Monday Sep 21 0:49:39 2015] GetNextFile - FileNameDest=C:\Users\Whalecum\AppData\Local\Temp\InstallSWTOR\
[Monday Sep 21 0:49:39 2015] SourceDirectory set to C:\Users\Whalecum\AppData\Local\Temp\InstallSWTOR
[Monday Sep 21 0:49:39 2015] Found at C:\Users\Whalecum\AppData\Local\Temp\InstallSWTOR\swtor0.rar
[Monday Sep 21 0:49:39 2015] Extracting C:\Users\Whalecum\AppData\Local\Temp\InstallSWTOR\swtor0.rar to D:\NIGGERS\Star Wars-The Old Republic...
[Monday Sep 21 0:49:39 2015] Extracting: /Language en /progresspercent 0 /settotalK 0 'C:\Users\Whalecum\AppData\Local\Temp\InstallSWTOR\swtor0.rar' 'D:\NIGGERS\Star Wars-The Old Republic'
[Monday Sep 21 0:49:39 2015]  - extract OK
[Monday Sep 21 0:49:39 2015] Running uninstaller installer - C:\Users\Whalecum\AppData\Local\Temp\InstallSWTOR\data\Star Wars - The Old Republic Uninstaller.exe /frominstaller /estimatedsize=18032
[Monday Sep 21 0:49:39 2015]  - result: 0
[Monday Sep 21 0:49:39 2015] +CreateStartMenuShortcuts start
[Monday Sep 21 0:49:39 2015] Create C:\ProgramData\Microsoft\Windows\Start Menu\Programs\EA\BioWare\Star Wars - The Old Republic
[Monday Sep 21 0:49:39 2015] +GeneratedCreateStartMenuShortcuts start
[Monday Sep 21 0:49:39 2015] Creating short cut "C:\ProgramData\Microsoft\Windows\Start Menu\Programs\EA\BioWare\Star Wars - The Old Republic\Star Wars - The Old Republic.lnk" "D:\NIGGERS\Star Wars-The Old Republic\launcher.exe" ""
[Monday Sep 21 0:49:39 2015] Creating short cut "C:\ProgramData\Microsoft\Windows\Start Menu\Programs\EA\BioWare\Star Wars - The Old Republic\Uninstall Star Wars - The Old Republic.lnk" "C:\Program Files (x86)\Common Files\BioWare\Uninstall Star Wars - The Old Republic.exe" ""
[Monday Sep 21 0:49:39 2015] Creating EUALA short cut "C:\ProgramData\Microsoft\Windows\Start Menu\Programs\EA\BioWare\Star Wars - The Old Republic\View License.lnk" "D:\NIGGERS\Star Wars-The Old Republic\EUALAs\EUALA_en.rtf" ""
[Monday Sep 21 0:49:39 2015] Creating cust support short cut "C:\ProgramData\Microsoft\Windows\Start Menu\Programs\EA\BioWare\Star Wars - The Old Republic\SWTOR Customer Support.lnk" "D:\NIGGERS\Star Wars-The Old Republic\SWTOR Customer Support.url" ""
[Monday Sep 21 0:49:39 2015] Creating readme short cut "C:\ProgramData\Microsoft\Windows\Start Menu\Programs\EA\BioWare\Star Wars - The Old Republic\View Readme.lnk" "D:\NIGGERS\Star Wars-The Old Republic\readmes\readme_en.txt" ""
[Monday Sep 21 0:49:40 2015] -GeneratedCreateStartMenuShortcuts end
[Monday Sep 21 0:49:40 2015] -CreateStartMenuShortcuts end
[Monday Sep 21 0:49:40 2015] +CreateOtherShortcuts start
[Monday Sep 21 0:49:40 2015] QL Shortcut: C:\Users\Whalecum\AppData\Roaming\Microsoft\Internet Explorer\Quick Launch\Star Wars - The Old Republic.lnk
[Monday Sep 21 0:49:40 2015] Creating C:\Users\Whalecum\AppData\Roaming\Microsoft\Internet Explorer\Quick Launch\Star Wars - The Old Republic.lnk D:\NIGGERS\Star Wars-The Old Republic\launcher.exe
[Monday Sep 21 0:49:40 2015] -CreateOtherShortcuts end
[Monday Sep 21 0:49:40 2015] SetupGDF - checking for existing Game Explorer entry
[Monday Sep 21 0:49:40 2015] - no previous Game Explorer entry found
[Monday Sep 21 0:49:40 2015] - adding to Game Explorer
[Monday Sep 21 0:49:40 2015] -- AddToGameExplorer 'D:\NIGGERS\Star Wars-The Old Republic\SWTOR_GDF.dll' 'D:\NIGGERS\Star Wars-The Old Republic'
[Monday Sep 21 0:49:40 2015] - GUID returned={C7AB4FD9-51F3-4B8F-AC71-EEB4E15F4A79}
[Monday Sep 21 0:49:40 2015] - storing GUID in registry
[Monday Sep 21 0:49:40 2015] SetupGDF complete
[Monday Sep 21 0:49:40 2015] Grant Access
[Monday Sep 21 0:49:40 2015] Adding Windows Firewall exception D:\NIGGERS\Star Wars-The Old Republic\swtor\retailclient\swtor.exe
[Monday Sep 21 0:49:40 2015]  - error; R1=Error ; R2=-3
[Monday Sep 21 0:49:40 2015] Adding Windows Firewall exception D:\NIGGERS\Star Wars-The Old Republic\launcher.exe
[Monday Sep 21 0:49:40 2015]  - error; R1=Ok ; R2=could not initialize HNetCfg.FwMgr
[Monday Sep 21 0:49:40 2015] Adding Windows Firewall exception D:\NIGGERS\Star Wars-The Old Republic\launcher.exe
[Monday Sep 21 0:49:40 2015]  - Sucess
[Monday Sep 21 0:49:40 2015] +SetupDirectX start
[Monday Sep 21 0:49:40 2015]  DIRECTX_INSTALL_OPTION=3
[Monday Sep 21 0:49:40 2015] Updating DirectX - Microsoft DirectX
[Monday Sep 21 0:49:42 2015]  - result: 0
[Monday Sep 21 0:49:42 2015] -SetupDirectX end
[Monday Sep 21 0:49:42 2015] +SetupOrigin start
[Monday Sep 21 0:49:42 2015]  Do_InstallOrigin=0
[Monday Sep 21 0:49:42 2015] -SetupOrigin end
[Monday Sep 21 0:49:42 2015] +RunThirdPartyInstallers start
[Monday Sep 21 0:49:42 2015]  VS2008 Redist Check: 'SP1'
[Monday Sep 21 0:49:42 2015]  VS2008 Redist already installed
[Monday Sep 21 0:49:42 2015] -RunThirdPartyInstallers end
[Monday Sep 21 0:49:43 2015] -=-=-=-=-=-=-=-=-=-=-=-=-=-=-=-=-=-=-=-=-=-=-=-=-=-=-=-=-=-=-=-=-=-=-=-
[Monday Sep 21 0:49:43 2015] |           SUCCESS SUCCESS SUCCESS SUCCESS SUCCESS SUCCESS           |
[Monday Sep 21 0:49:43 2015] -=-=-=-=-=-=-=-=-=-=-=-=-=-=-=-=-=-=-=-=-=-=-=-=-=-=-=-=-=-=-=-=-=-=-=-
[Monday Sep 21 0:49:43 2015] Main install section - END
[Monday Sep 21 0:49:45 2015] PageFunction_FinishPre
[Monday Sep 21 0:49:46 2015] +PageFunction_FinishShow start
[Monday Sep 21 0:49:46 2015] -PageFunction_FinishShow end
[Monday Sep 21 0:49:47 2015] Running "C:\Program Files (x86)\Common Files\BioWare\saferun.exe" "D:\NIGGERS\Star Wars-The Old Republic\launcher.exe"
[Monday Sep 21 0:49:47 2015] Result 0
[Monday Sep 21 0:49:47 2015] .onGUIEnd
[Monday Sep 21 0:49:47 2015] Unloading plug-ins
[Monday Sep 21 0:49:47 2015] - unload nsisunrar2
[Monday Sep 21 0:49:47 2015] - unload NextFile
[Monday Sep 21 0:49:47 2015] - unload nsisDirSelect
[Monday Sep 21 0:49:47 2015] Removing temp files
[Monday Sep 21 0:49:47 2015] - C:\Users\Whalecum\AppData\Local\Temp\nsrEE68.tmp\SelectInstallTarget.ini
[Monday Sep 21 0:49:47 2015] - C:\Users\Whalecum\AppData\Local\Temp\nsrEE68.tmp\installmanifest.ini
[Monday Sep 21 0:49:47 2015] Deleting plug-ins
[Monday Sep 21 0:49:47 2015]  - delete C:\Users\Whalecum\AppData\Local\Temp\nsrEE68.tmp\nsisDirSelect.dll
[Monday Sep 21 0:49:47 2015] Using TEMP directory C:\Users\Whalecum\AppData\Local\Temp\InstallSWTOR
[Monday Sep 21 0:49:47 2015] Cleaning up other temp installer support files (reboot if necessary)
[Monday Sep 21 0:49:47 2015] - C:\Users\Whalecum\AppData\Local\Temp\nsrEE68.tmp\msvcr71.dll
[Monday Sep 21 0:49:47 2015] - C:\Users\Whalecum\AppData\Local\Temp\nsrEE68.tmp\unrar.dll
[Monday Sep 21 0:49:47 2015] - C:\Users\Whalecum\AppData\Local\Temp\nsrEE68.tmp\GameuxInstallHelper.dll
[Monday Sep 21 0:49:47 2015] - C:\Users\Whalecum\AppData\Local\Temp\InstallSWTOR\Installer.exe
[Monday Sep 21 0:49:47 2015] - C:\Users\Whalecum\AppData\Local\Temp\InstallSWTOR
[Monday Sep 21 0:49:47 2015] -=-=-=-=-=-=-=-=-=-=-=-=-=-=-=-=-=-=-=-=-=-=-=-=-=-=-=-=-=-=-=-=-=-=-=-
[Monday Sep 21 0:49:47 2015] |           STAR WARS: The Old Republic installer finished
[Monday Sep 21 0:49:47 2015] -=-=-=-=-=-=-=-=-=-=-=-=-=-=-=-=-=-=-=-=-=-=-=-=-=-=-=-=-=-=-=-=-=-=-=-

